2023-07-26T01:55:20+00:00 CRITICAL Uncaught TypeError: call_user_func_array(): Argument #1 ($callback) must be a valid callback, function "br_receitas_init" not found or invalid function name in C:\xampp\htdocs\site.com\blog\wp-includes\class-wp-hook.php:308
Stack trace:
#0 C:\xampp\htdocs\site.com\blog\wp-includes\class-wp-hook.php(332): WP_Hook->apply_filters(NULL, Array)
#1 C:\xampp\htdocs\site.com\blog\wp-includes\plugin.php(517): WP_Hook->do_action(Array)
#2 C:\xampp\htdocs\site.com\blog\wp-settings.php(623): do_action('init')
#3 C:\xampp\htdocs\site.com\blog\wp-config.php(101): require_once('C:\\xampp\\htdocs...')
#4 C:\xampp\htdocs\site.com\blog\wp-load.php(50): require_once('C:\\xampp\\htdocs...')
#5 C:\xampp\htdocs\site.com\blog\wp-admin\admin-ajax.php(22): require_once('C:\\xampp\\htdocs...')
#6 {main}
  thrown, em C:\xampp\htdocs\site.com\blog\wp-includes\class-wp-hook.php, na linha 308

2023-07-26T01:55:21+00:00 CRITICAL Uncaught TypeError: call_user_func_array(): Argument #1 ($callback) must be a valid callback, function "br_receitas_init" not found or invalid function name in C:\xampp\htdocs\site.com\blog\wp-includes\class-wp-hook.php:308
Stack trace:
#0 C:\xampp\htdocs\site.com\blog\wp-includes\class-wp-hook.php(332): WP_Hook->apply_filters(NULL, Array)
#1 C:\xampp\htdocs\site.com\blog\wp-includes\plugin.php(517): WP_Hook->do_action(Array)
#2 C:\xampp\htdocs\site.com\blog\wp-settings.php(623): do_action('init')
#3 C:\xampp\htdocs\site.com\blog\wp-config.php(101): require_once('C:\\xampp\\htdocs...')
#4 C:\xampp\htdocs\site.com\blog\wp-load.php(50): require_once('C:\\xampp\\htdocs...')
#5 C:\xampp\htdocs\site.com\blog\wp-admin\admin.php(34): require_once('C:\\xampp\\htdocs...')
#6 C:\xampp\htdocs\site.com\blog\wp-admin\plugins.php(10): require_once('C:\\xampp\\htdocs...')
#7 {main}
  thrown, em C:\xampp\htdocs\site.com\blog\wp-includes\class-wp-hook.php, na linha 308

2023-07-26T01:55:41+00:00 CRITICAL Uncaught TypeError: call_user_func_array(): Argument #1 ($callback) must be a valid callback, function "br_receitas_init" not found or invalid function name in C:\xampp\htdocs\site.com\blog\wp-includes\class-wp-hook.php:308
Stack trace:
#0 C:\xampp\htdocs\site.com\blog\wp-includes\class-wp-hook.php(332): WP_Hook->apply_filters(NULL, Array)
#1 C:\xampp\htdocs\site.com\blog\wp-includes\plugin.php(517): WP_Hook->do_action(Array)
#2 C:\xampp\htdocs\site.com\blog\wp-settings.php(623): do_action('init')
#3 C:\xampp\htdocs\site.com\blog\wp-config.php(101): require_once('C:\\xampp\\htdocs...')
#4 C:\xampp\htdocs\site.com\blog\wp-load.php(50): require_once('C:\\xampp\\htdocs...')
#5 C:\xampp\htdocs\site.com\blog\wp-admin\admin.php(34): require_once('C:\\xampp\\htdocs...')
#6 C:\xampp\htdocs\site.com\blog\wp-admin\plugins.php(10): require_once('C:\\xampp\\htdocs...')
#7 {main}
  thrown, em C:\xampp\htdocs\site.com\blog\wp-includes\class-wp-hook.php, na linha 308

2023-07-26T01:56:19+00:00 CRITICAL Uncaught TypeError: call_user_func_array(): Argument #1 ($callback) must be a valid callback, function "br_receitas_init" not found or invalid function name in C:\xampp\htdocs\site.com\blog\wp-includes\class-wp-hook.php:308
Stack trace:
#0 C:\xampp\htdocs\site.com\blog\wp-includes\class-wp-hook.php(332): WP_Hook->apply_filters(NULL, Array)
#1 C:\xampp\htdocs\site.com\blog\wp-includes\plugin.php(517): WP_Hook->do_action(Array)
#2 C:\xampp\htdocs\site.com\blog\wp-settings.php(623): do_action('init')
#3 C:\xampp\htdocs\site.com\blog\wp-config.php(101): require_once('C:\\xampp\\htdocs...')
#4 C:\xampp\htdocs\site.com\blog\wp-load.php(50): require_once('C:\\xampp\\htdocs...')
#5 C:\xampp\htdocs\site.com\blog\wp-admin\admin.php(34): require_once('C:\\xampp\\htdocs...')
#6 C:\xampp\htdocs\site.com\blog\wp-admin\plugins.php(10): require_once('C:\\xampp\\htdocs...')
#7 {main}
  thrown, em C:\xampp\htdocs\site.com\blog\wp-includes\class-wp-hook.php, na linha 308

2023-07-26T02:00:03+00:00 CRITICAL Uncaught TypeError: call_user_func_array(): Argument #1 ($callback) must be a valid callback, function "br_receitas_init" not found or invalid function name in C:\xampp\htdocs\site.com\blog\wp-includes\class-wp-hook.php:308
Stack trace:
#0 C:\xampp\htdocs\site.com\blog\wp-includes\class-wp-hook.php(332): WP_Hook->apply_filters(NULL, Array)
#1 C:\xampp\htdocs\site.com\blog\wp-includes\plugin.php(517): WP_Hook->do_action(Array)
#2 C:\xampp\htdocs\site.com\blog\wp-settings.php(623): do_action('init')
#3 C:\xampp\htdocs\site.com\blog\wp-config.php(101): require_once('C:\\xampp\\htdocs...')
#4 C:\xampp\htdocs\site.com\blog\wp-load.php(50): require_once('C:\\xampp\\htdocs...')
#5 C:\xampp\htdocs\site.com\blog\wp-admin\admin.php(34): require_once('C:\\xampp\\htdocs...')
#6 C:\xampp\htdocs\site.com\blog\wp-admin\plugins.php(10): require_once('C:\\xampp\\htdocs...')
#7 {main}
  thrown, em C:\xampp\htdocs\site.com\blog\wp-includes\class-wp-hook.php, na linha 308

2023-07-26T02:02:05+00:00 CRITICAL Uncaught TypeError: call_user_func_array(): Argument #1 ($callback) must be a valid callback, function "br_receitas_init" not found or invalid function name in C:\xampp\htdocs\site.com\blog\wp-includes\class-wp-hook.php:308
Stack trace:
#0 C:\xampp\htdocs\site.com\blog\wp-includes\class-wp-hook.php(332): WP_Hook->apply_filters(NULL, Array)
#1 C:\xampp\htdocs\site.com\blog\wp-includes\plugin.php(517): WP_Hook->do_action(Array)
#2 C:\xampp\htdocs\site.com\blog\wp-settings.php(623): do_action('init')
#3 C:\xampp\htdocs\site.com\blog\wp-config.php(101): require_once('C:\\xampp\\htdocs...')
#4 C:\xampp\htdocs\site.com\blog\wp-load.php(50): require_once('C:\\xampp\\htdocs...')
#5 C:\xampp\htdocs\site.com\blog\wp-admin\admin.php(34): require_once('C:\\xampp\\htdocs...')
#6 C:\xampp\htdocs\site.com\blog\wp-admin\plugins.php(10): require_once('C:\\xampp\\htdocs...')
#7 {main}
  thrown, em C:\xampp\htdocs\site.com\blog\wp-includes\class-wp-hook.php, na linha 308

2023-07-26T02:07:51+00:00 CRITICAL Uncaught TypeError: call_user_func_array(): Argument #1 ($callback) must be a valid callback, function "br_receitas_init" not found or invalid function name in C:\xampp\htdocs\site.com\blog\wp-includes\class-wp-hook.php:308
Stack trace:
#0 C:\xampp\htdocs\site.com\blog\wp-includes\class-wp-hook.php(332): WP_Hook->apply_filters(NULL, Array)
#1 C:\xampp\htdocs\site.com\blog\wp-includes\plugin.php(517): WP_Hook->do_action(Array)
#2 C:\xampp\htdocs\site.com\blog\wp-settings.php(623): do_action('init')
#3 C:\xampp\htdocs\site.com\blog\wp-config.php(101): require_once('C:\\xampp\\htdocs...')
#4 C:\xampp\htdocs\site.com\blog\wp-load.php(50): require_once('C:\\xampp\\htdocs...')
#5 C:\xampp\htdocs\site.com\blog\wp-admin\admin.php(34): require_once('C:\\xampp\\htdocs...')
#6 C:\xampp\htdocs\site.com\blog\wp-admin\plugins.php(10): require_once('C:\\xampp\\htdocs...')
#7 {main}
  thrown, em C:\xampp\htdocs\site.com\blog\wp-includes\class-wp-hook.php, na linha 308

2023-07-26T02:09:59+00:00 CRITICAL Uncaught TypeError: call_user_func_array(): Argument #1 ($callback) must be a valid callback, function "br_receitas_init" not found or invalid function name in C:\xampp\htdocs\site.com\blog\wp-includes\class-wp-hook.php:308
Stack trace:
#0 C:\xampp\htdocs\site.com\blog\wp-includes\class-wp-hook.php(332): WP_Hook->apply_filters(NULL, Array)
#1 C:\xampp\htdocs\site.com\blog\wp-includes\plugin.php(517): WP_Hook->do_action(Array)
#2 C:\xampp\htdocs\site.com\blog\wp-settings.php(623): do_action('init')
#3 C:\xampp\htdocs\site.com\blog\wp-config.php(101): require_once('C:\\xampp\\htdocs...')
#4 C:\xampp\htdocs\site.com\blog\wp-load.php(50): require_once('C:\\xampp\\htdocs...')
#5 C:\xampp\htdocs\site.com\blog\wp-admin\admin.php(34): require_once('C:\\xampp\\htdocs...')
#6 C:\xampp\htdocs\site.com\blog\wp-admin\plugins.php(10): require_once('C:\\xampp\\htdocs...')
#7 {main}
  thrown, em C:\xampp\htdocs\site.com\blog\wp-includes\class-wp-hook.php, na linha 308

2023-07-26T02:10:58+00:00 CRITICAL Uncaught TypeError: call_user_func_array(): Argument #1 ($callback) must be a valid callback, function "br_receitas_init" not found or invalid function name in C:\xampp\htdocs\site.com\blog\wp-includes\class-wp-hook.php:308
Stack trace:
#0 C:\xampp\htdocs\site.com\blog\wp-includes\class-wp-hook.php(332): WP_Hook->apply_filters(NULL, Array)
#1 C:\xampp\htdocs\site.com\blog\wp-includes\plugin.php(517): WP_Hook->do_action(Array)
#2 C:\xampp\htdocs\site.com\blog\wp-settings.php(623): do_action('init')
#3 C:\xampp\htdocs\site.com\blog\wp-config.php(101): require_once('C:\\xampp\\htdocs...')
#4 C:\xampp\htdocs\site.com\blog\wp-load.php(50): require_once('C:\\xampp\\htdocs...')
#5 C:\xampp\htdocs\site.com\blog\wp-admin\admin.php(34): require_once('C:\\xampp\\htdocs...')
#6 C:\xampp\htdocs\site.com\blog\wp-admin\plugins.php(10): require_once('C:\\xampp\\htdocs...')
#7 {main}
  thrown, em C:\xampp\htdocs\site.com\blog\wp-includes\class-wp-hook.php, na linha 308

2023-07-26T02:11:02+00:00 CRITICAL Uncaught TypeError: call_user_func_array(): Argument #1 ($callback) must be a valid callback, function "br_receitas_init" not found or invalid function name in C:\xampp\htdocs\site.com\blog\wp-includes\class-wp-hook.php:308
Stack trace:
#0 C:\xampp\htdocs\site.com\blog\wp-includes\class-wp-hook.php(332): WP_Hook->apply_filters(NULL, Array)
#1 C:\xampp\htdocs\site.com\blog\wp-includes\plugin.php(517): WP_Hook->do_action(Array)
#2 C:\xampp\htdocs\site.com\blog\wp-settings.php(623): do_action('init')
#3 C:\xampp\htdocs\site.com\blog\wp-config.php(101): require_once('C:\\xampp\\htdocs...')
#4 C:\xampp\htdocs\site.com\blog\wp-load.php(50): require_once('C:\\xampp\\htdocs...')
#5 C:\xampp\htdocs\site.com\blog\wp-admin\admin.php(34): require_once('C:\\xampp\\htdocs...')
#6 C:\xampp\htdocs\site.com\blog\wp-admin\about.php(10): require_once('C:\\xampp\\htdocs...')
#7 {main}
  thrown, em C:\xampp\htdocs\site.com\blog\wp-includes\class-wp-hook.php, na linha 308

2023-07-26T02:14:35+00:00 CRITICAL Uncaught TypeError: call_user_func_array(): Argument #1 ($callback) must be a valid callback, function "br_receitas_init" not found or invalid function name in C:\xampp\htdocs\site.com\blog\wp-includes\class-wp-hook.php:308
Stack trace:
#0 C:\xampp\htdocs\site.com\blog\wp-includes\class-wp-hook.php(332): WP_Hook->apply_filters(NULL, Array)
#1 C:\xampp\htdocs\site.com\blog\wp-includes\plugin.php(517): WP_Hook->do_action(Array)
#2 C:\xampp\htdocs\site.com\blog\wp-settings.php(623): do_action('init')
#3 C:\xampp\htdocs\site.com\blog\wp-config.php(101): require_once('C:\\xampp\\htdocs...')
#4 C:\xampp\htdocs\site.com\blog\wp-load.php(50): require_once('C:\\xampp\\htdocs...')
#5 C:\xampp\htdocs\site.com\blog\wp-admin\admin.php(34): require_once('C:\\xampp\\htdocs...')
#6 C:\xampp\htdocs\site.com\blog\wp-admin\about.php(10): require_once('C:\\xampp\\htdocs...')
#7 {main}
  thrown, em C:\xampp\htdocs\site.com\blog\wp-includes\class-wp-hook.php, na linha 308

2023-07-26T02:24:08+00:00 CRITICAL Uncaught TypeError: call_user_func_array(): Argument #1 ($callback) must be a valid callback, function "br_receitas_init" not found or invalid function name in C:\xampp\htdocs\site.com\blog\wp-includes\class-wp-hook.php:308
Stack trace:
#0 C:\xampp\htdocs\site.com\blog\wp-includes\class-wp-hook.php(332): WP_Hook->apply_filters(NULL, Array)
#1 C:\xampp\htdocs\site.com\blog\wp-includes\plugin.php(517): WP_Hook->do_action(Array)
#2 C:\xampp\htdocs\site.com\blog\wp-settings.php(623): do_action('init')
#3 C:\xampp\htdocs\site.com\blog\wp-config.php(101): require_once('C:\\xampp\\htdocs...')
#4 C:\xampp\htdocs\site.com\blog\wp-load.php(50): require_once('C:\\xampp\\htdocs...')
#5 C:\xampp\htdocs\site.com\blog\wp-admin\admin.php(34): require_once('C:\\xampp\\htdocs...')
#6 C:\xampp\htdocs\site.com\blog\wp-admin\about.php(10): require_once('C:\\xampp\\htdocs...')
#7 {main}
  thrown, em C:\xampp\htdocs\site.com\blog\wp-includes\class-wp-hook.php, na linha 308

2023-07-26T02:25:59+00:00 CRITICAL Uncaught TypeError: call_user_func_array(): Argument #1 ($callback) must be a valid callback, function "br_receitas_init" not found or invalid function name in C:\xampp\htdocs\site.com\blog\wp-includes\class-wp-hook.php:308
Stack trace:
#0 C:\xampp\htdocs\site.com\blog\wp-includes\class-wp-hook.php(332): WP_Hook->apply_filters(NULL, Array)
#1 C:\xampp\htdocs\site.com\blog\wp-includes\plugin.php(517): WP_Hook->do_action(Array)
#2 C:\xampp\htdocs\site.com\blog\wp-settings.php(623): do_action('init')
#3 C:\xampp\htdocs\site.com\blog\wp-config.php(101): require_once('C:\\xampp\\htdocs...')
#4 C:\xampp\htdocs\site.com\blog\wp-load.php(50): require_once('C:\\xampp\\htdocs...')
#5 C:\xampp\htdocs\site.com\blog\wp-admin\admin.php(34): require_once('C:\\xampp\\htdocs...')
#6 C:\xampp\htdocs\site.com\blog\wp-admin\about.php(10): require_once('C:\\xampp\\htdocs...')
#7 {main}
  thrown, em C:\xampp\htdocs\site.com\blog\wp-includes\class-wp-hook.php, na linha 308

2023-07-26T02:31:53+00:00 CRITICAL Uncaught TypeError: call_user_func_array(): Argument #1 ($callback) must be a valid callback, function "br_receitas_init" not found or invalid function name in C:\xampp\htdocs\site.com\blog\wp-includes\class-wp-hook.php:308
Stack trace:
#0 C:\xampp\htdocs\site.com\blog\wp-includes\class-wp-hook.php(332): WP_Hook->apply_filters(NULL, Array)
#1 C:\xampp\htdocs\site.com\blog\wp-includes\plugin.php(517): WP_Hook->do_action(Array)
#2 C:\xampp\htdocs\site.com\blog\wp-settings.php(623): do_action('init')
#3 C:\xampp\htdocs\site.com\blog\wp-config.php(101): require_once('C:\\xampp\\htdocs...')
#4 C:\xampp\htdocs\site.com\blog\wp-load.php(50): require_once('C:\\xampp\\htdocs...')
#5 C:\xampp\htdocs\site.com\blog\wp-admin\admin.php(34): require_once('C:\\xampp\\htdocs...')
#6 C:\xampp\htdocs\site.com\blog\wp-admin\update-core.php(10): require_once('C:\\xampp\\htdocs...')
#7 {main}
  thrown, em C:\xampp\htdocs\site.com\blog\wp-includes\class-wp-hook.php, na linha 308

2023-07-26T02:32:15+00:00 CRITICAL Uncaught TypeError: call_user_func_array(): Argument #1 ($callback) must be a valid callback, function "br_receitas_init" not found or invalid function name in C:\xampp\htdocs\site.com\blog\wp-includes\class-wp-hook.php:308
Stack trace:
#0 C:\xampp\htdocs\site.com\blog\wp-includes\class-wp-hook.php(332): WP_Hook->apply_filters(NULL, Array)
#1 C:\xampp\htdocs\site.com\blog\wp-includes\plugin.php(517): WP_Hook->do_action(Array)
#2 C:\xampp\htdocs\site.com\blog\wp-settings.php(623): do_action('init')
#3 C:\xampp\htdocs\site.com\blog\wp-config.php(101): require_once('C:\\xampp\\htdocs...')
#4 C:\xampp\htdocs\site.com\blog\wp-load.php(50): require_once('C:\\xampp\\htdocs...')
#5 C:\xampp\htdocs\site.com\blog\wp-admin\admin.php(34): require_once('C:\\xampp\\htdocs...')
#6 C:\xampp\htdocs\site.com\blog\wp-admin\update-core.php(10): require_once('C:\\xampp\\htdocs...')
#7 {main}
  thrown, em C:\xampp\htdocs\site.com\blog\wp-includes\class-wp-hook.php, na linha 308

2023-07-26T12:15:58+00:00 CRITICAL Uncaught TypeError: call_user_func_array(): Argument #1 ($callback) must be a valid callback, function "br_receitas_init" not found or invalid function name in C:\xampp\htdocs\site.com\blog\wp-includes\class-wp-hook.php:308
Stack trace:
#0 C:\xampp\htdocs\site.com\blog\wp-includes\class-wp-hook.php(332): WP_Hook->apply_filters(NULL, Array)
#1 C:\xampp\htdocs\site.com\blog\wp-includes\plugin.php(517): WP_Hook->do_action(Array)
#2 C:\xampp\htdocs\site.com\blog\wp-settings.php(623): do_action('init')
#3 C:\xampp\htdocs\site.com\blog\wp-config.php(101): require_once('C:\\xampp\\htdocs...')
#4 C:\xampp\htdocs\site.com\blog\wp-load.php(50): require_once('C:\\xampp\\htdocs...')
#5 C:\xampp\htdocs\site.com\blog\wp-admin\admin.php(34): require_once('C:\\xampp\\htdocs...')
#6 C:\xampp\htdocs\site.com\blog\wp-admin\plugins.php(10): require_once('C:\\xampp\\htdocs...')
#7 {main}
  thrown, em C:\xampp\htdocs\site.com\blog\wp-includes\class-wp-hook.php, na linha 308

2023-07-26T16:38:51+00:00 CRITICAL Uncaught TypeError: call_user_func_array(): Argument #1 ($callback) must be a valid callback, function "br_receita_admin_init" not found or invalid function name in C:\xampp\htdocs\site.com\blog\wp-includes\class-wp-hook.php:308
Stack trace:
#0 C:\xampp\htdocs\site.com\blog\wp-includes\class-wp-hook.php(332): WP_Hook->apply_filters(false, Array)
#1 C:\xampp\htdocs\site.com\blog\wp-includes\plugin.php(517): WP_Hook->do_action(Array)
#2 C:\xampp\htdocs\site.com\blog\wp-admin\admin-ajax.php(45): do_action('admin_init')
#3 {main}
  thrown, em C:\xampp\htdocs\site.com\blog\wp-includes\class-wp-hook.php, na linha 308

2023-07-26T16:40:51+00:00 CRITICAL Uncaught TypeError: call_user_func_array(): Argument #1 ($callback) must be a valid callback, function "br_receitas_admin_init" not found or invalid function name in C:\xampp\htdocs\site.com\blog\wp-includes\class-wp-hook.php:308
Stack trace:
#0 C:\xampp\htdocs\site.com\blog\wp-includes\class-wp-hook.php(332): WP_Hook->apply_filters(false, Array)
#1 C:\xampp\htdocs\site.com\blog\wp-includes\plugin.php(517): WP_Hook->do_action(Array)
#2 C:\xampp\htdocs\site.com\blog\wp-admin\admin-ajax.php(45): do_action('admin_init')
#3 {main}
  thrown, em C:\xampp\htdocs\site.com\blog\wp-includes\class-wp-hook.php, na linha 308

2023-07-26T19:19:21+00:00 CRITICAL Uncaught TypeError: call_user_func(): Argument #1 ($callback) must be a valid callback, function "br_receita_opcoes" not found or invalid function name in C:\xampp\htdocs\site.com\blog\wp-admin\includes\template.php:1445
Stack trace:
#0 C:\xampp\htdocs\site.com\blog\wp-admin\edit-form-advanced.php(688): do_meta_boxes(Object(WP_Screen), 'normal', Object(WP_Post))
#1 C:\xampp\htdocs\site.com\blog\wp-admin\post-new.php(75): require('C:\\xampp\\htdocs...')
#2 {main}
  thrown, em C:\xampp\htdocs\site.com\blog\wp-admin\includes\template.php, na linha 1445

